WARNING: A terminally deprecated method in sun.misc.Unsafe has been called
WARNING: sun.misc.Unsafe::staticFieldBase has been called by com.google.inject.internal.aop.HiddenClassDefiner (file:/opt/homebrew/Cellar/maven/3.9.11/libexec/lib/guice-5.1.0-classes.jar)
WARNING: Please consider reporting this to the maintainers of class com.google.inject.internal.aop.HiddenClassDefiner
WARNING: sun.misc.Unsafe::staticFieldBase will be removed in a future release
[INFO] Scanning for projects...
[INFO] 
[INFO] -----------------< com.travelease:travelease-backend >------------------
[INFO] Building travelease-backend 0.0.1-SNAPSHOT
[INFO]   from pom.xml
[INFO] --------------------------------[ war ]---------------------------------
[INFO] 
[INFO] >>> spring-boot:2.7.18:run (default-cli) > test-compile @ travelease-backend >>>
[WARNING] The artifact mysql:mysql-connector-java:jar:8.0.33 has been relocated to com.mysql:mysql-connector-j:jar:8.0.33: MySQL Connector/J artifacts moved to reverse-DNS compliant Maven 2+ coordinates.
[INFO] 
[INFO] --- resources:3.2.0:resources (default-resources) @ travelease-backend ---
[INFO] Using 'UTF-8' encoding to copy filtered resources.
[INFO] Using 'UTF-8' encoding to copy filtered properties files.
[INFO] Copying 1 resource
[INFO] Copying 0 resource
[INFO] 
[INFO] --- compiler:3.11.0:compile (default-compile) @ travelease-backend ---
[INFO] Changes detected - recompiling the module! :source
[INFO] Compiling 21 source files with javac [debug release 17] to target/classes
[INFO] 
[INFO] --- resources:3.2.0:testResources (default-testResources) @ travelease-backend ---
[INFO] Using 'UTF-8' encoding to copy filtered resources.
[INFO] Using 'UTF-8' encoding to copy filtered properties files.
[INFO] skip non existing resourceDirectory /Users/veeru/Downloads/travel/travel-backend/src/test/resources
[INFO] 
[INFO] --- compiler:3.11.0:testCompile (default-testCompile) @ travelease-backend ---
[INFO] No sources to compile
[INFO] 
[INFO] <<< spring-boot:2.7.18:run (default-cli) < test-compile @ travelease-backend <<<
[INFO] 
[INFO] 
[INFO] --- spring-boot:2.7.18:run (default-cli) @ travelease-backend ---
[INFO] Attaching agents: []

  .   ____          _            __ _ _
 /\\ / ___'_ __ _ _(_)_ __  __ _ \ \ \ \
( ( )\___ | '_ | '_| | '_ \/ _` | \ \ \ \
 \\/  ___)| |_)| | | | | || (_| |  ) ) ) )
  '  |____| .__|_| |_|_| |_\__, | / / / /
 =========|_|==============|___/=/_/_/_/
 :: Spring Boot ::               (v2.7.18)

2025-11-26 17:34:33.172  INFO 48687 --- [           main] c.t.b.TravelEaseBackendApplication       : Starting TravelEaseBackendApplication using Java 25.0.1 on Veerus-MacBook-Pro.local with PID 48687 (/Users/veeru/Downloads/travel/travel-backend/target/classes started by veeru in /Users/veeru/Downloads/travel/travel-backend)
2025-11-26 17:34:33.172  INFO 48687 --- [           main] c.t.b.TravelEaseBackendApplication       : No active profile set, falling back to 1 default profile: "default"
2025-11-26 17:34:33.338  INFO 48687 --- [           main] .s.d.r.c.RepositoryConfigurationDelegate : Bootstrapping Spring Data JPA repositories in DEFAULT mode.
2025-11-26 17:34:33.351  INFO 48687 --- [           main] .s.d.r.c.RepositoryConfigurationDelegate : Finished Spring Data repository scanning in 11 ms. Found 4 JPA repository interfaces.
WARNING: A restricted method in java.lang.System has been called
WARNING: java.lang.System::load has been called by org.apache.tomcat.jni.Library in an unnamed module (file:/Users/veeru/.m2/repository/org/apache/tomcat/embed/tomcat-embed-core/9.0.83/tomcat-embed-core-9.0.83.jar)
WARNING: Use --enable-native-access=ALL-UNNAMED to avoid a warning for callers in this module
WARNING: Restricted methods will be blocked in a future release unless native access is enabled

2025-11-26 17:34:33.522  INFO 48687 --- [           main] o.s.b.w.embedded.tomcat.TomcatWebServer  : Tomcat initialized with port(s): 9097 (http)
2025-11-26 17:34:33.526  INFO 48687 --- [           main] o.apache.catalina.core.StandardService   : Starting service [Tomcat]
2025-11-26 17:34:33.526  INFO 48687 --- [           main] org.apache.catalina.core.StandardEngine  : Starting Servlet engine: [Apache Tomcat/9.0.83]
2025-11-26 17:34:33.553  INFO 48687 --- [           main] o.a.c.c.C.[Tomcat].[localhost].[/]       : Initializing Spring embedded WebApplicationContext
2025-11-26 17:34:33.553  INFO 48687 --- [           main] w.s.c.ServletWebServerApplicationContext : Root WebApplicationContext: initialization completed in 366 ms
2025-11-26 17:34:33.607  INFO 48687 --- [           main] o.hibernate.jpa.internal.util.LogHelper  : HHH000204: Processing PersistenceUnitInfo [name: default]
2025-11-26 17:34:33.617  INFO 48687 --- [           main] org.hibernate.Version                    : HHH000412: Hibernate ORM core version 5.6.15.Final
2025-11-26 17:34:33.652  INFO 48687 --- [           main] o.hibernate.annotations.common.Version   : HCANN000001: Hibernate Commons Annotations {5.1.2.Final}
2025-11-26 17:34:33.674  INFO 48687 --- [           main] com.zaxxer.hikari.HikariDataSource       : HikariPool-1 - Starting...
2025-11-26 17:34:33.731  INFO 48687 --- [           main] com.zaxxer.hikari.HikariDataSource       : HikariPool-1 - Start completed.
2025-11-26 17:34:33.735  INFO 48687 --- [           main] org.hibernate.dialect.Dialect            : HHH000400: Using dialect: org.hibernate.dialect.MySQL8Dialect
2025-11-26 17:34:33.910  INFO 48687 --- [           main] o.h.e.t.j.p.i.JtaPlatformInitiator       : HHH000490: Using JtaPlatform implementation: [org.hibernate.engine.transaction.jta.platform.internal.NoJtaPlatform]
2025-11-26 17:34:33.912  INFO 48687 --- [           main] j.LocalContainerEntityManagerFactoryBean : Initialized JPA EntityManagerFactory for persistence unit 'default'
2025-11-26 17:34:34.093  INFO 48687 --- [           main] o.s.s.web.DefaultSecurityFilterChain     : Will secure any request with [org.springframework.security.web.session.DisableEncodeUrlFilter@45753c22, org.springframework.security.web.context.request.async.WebAsyncManagerIntegrationFilter@7341baa3, org.springframework.security.web.context.SecurityContextPersistenceFilter@2fb70301, org.springframework.security.web.header.HeaderWriterFilter@580154b3, org.springframework.web.filter.CorsFilter@1ca0aa40, org.springframework.security.web.authentication.logout.LogoutFilter@e3692ca, com.travelease.backend.security.JwtFilter@3650d4fc, org.springframework.security.web.savedrequest.RequestCacheAwareFilter@67823972, org.springframework.security.web.servletapi.SecurityContextHolderAwareRequestFilter@1f1574c, org.springframework.security.web.authentication.AnonymousAuthenticationFilter@626766fd, org.springframework.security.web.session.SessionManagementFilter@578d5d02, org.springframework.security.web.access.ExceptionTranslationFilter@495bc9e7, org.springframework.security.web.access.intercept.FilterSecurityInterceptor@aa794a3]
2025-11-26 17:34:34.106  WARN 48687 --- [           main] JpaBaseConfiguration$JpaWebConfiguration : spring.jpa.open-in-view is enabled by default. Therefore, database queries may be performed during view rendering. Explicitly configure spring.jpa.open-in-view to disable this warning
2025-11-26 17:34:34.218  INFO 48687 --- [           main] o.s.b.w.embedded.tomcat.TomcatWebServer  : Tomcat started on port(s): 9097 (http) with context path ''
2025-11-26 17:34:34.221  INFO 48687 --- [           main] c.t.b.TravelEaseBackendApplication       : Started TravelEaseBackendApplication in 1.148 seconds (JVM running for 1.243)
2025-11-26 17:35:28.908  INFO 48687 --- [nio-9097-exec-1] o.a.c.c.C.[Tomcat].[localhost].[/]       : Initializing Spring DispatcherServlet 'dispatcherServlet'
2025-11-26 17:35:28.908  INFO 48687 --- [nio-9097-exec-1] o.s.web.servlet.DispatcherServlet        : Initializing Servlet 'dispatcherServlet'
2025-11-26 17:35:28.909  INFO 48687 --- [nio-9097-exec-1] o.s.web.servlet.DispatcherServlet        : Completed initialization in 1 ms
[INFO] ------------------------------------------------------------------------
[INFO] BUILD FAILURE
[INFO] ------------------------------------------------------------------------
[INFO] Total time:  06:13 min
[INFO] Finished at: 2025-11-26T17:40:45+05:30
[INFO] ------------------------------------------------------------------------
[ERROR] Failed to execute goal org.springframework.boot:spring-boot-maven-plugin:2.7.18:run (default-cli) on project travelease-backend: Application finished with exit code: 137 -> [Help 1]
[ERROR] 
[ERROR] To see the full stack trace of the errors, re-run Maven with the -e switch.
[ERROR] Re-run Maven using the -X switch to enable full debug logging.
[ERROR] 
[ERROR] For more information about the errors and possible solutions, please read the following articles:
[ERROR] [Help 1] http://cwiki.apache.org/confluence/display/MAVEN/MojoExecutionException
